2020.05.28 12:54:07 INFO  started: Metals version 0.9.0 in workspace 'C:\Users\morik\Desktop\work\play-samples-play-scala-hello-world-tutorial\play-samples-play-scala-hello-world-tutorial'
2020.05.28 12:54:09 INFO  time: initialize in 1.58s
2020.05.28 12:54:10 INFO  no build target: using presentation compiler with only scala-library
2020.05.29 08:13:06 INFO  started: Metals version 0.9.0 in workspace 'C:\Users\morik\Desktop\work\play-samples-play-scala-hello-world-tutorial\play-samples-play-scala-hello-world-tutorial'
2020.05.29 08:13:11 INFO  time: initialize in 4.8s
2020.05.29 08:13:17 INFO  skipping build import with status 'Requested'
2020.05.29 08:13:17 INFO  no build target: using presentation compiler with only scala-library
2020.05.29 08:20:10 INFO  started: Metals version 0.9.0 in workspace 'C:\work\play-samples-play-scala-hello-world-tutorial\play-samples-play-scala-hello-world-tutorial'
2020.05.29 08:20:12 INFO  time: initialize in 2.34s
2020.05.29 08:20:13 INFO  no build target: using presentation compiler with only scala-library
2020.05.29 08:20:25 INFO  running 'C:\Users\morik\Desktop\work\openjdk-11+28_windows-x64_bin\jdk-11\bin\java -Djline.terminal=jline.UnsupportedTerminal -Dsbt.log.noformat=true -Dfile.encoding=UTF-8 -jar C:\Users\morik\AppData\Local\Temp\metals1554838887880772827\sbt-launch.jar -Dbloop.export-jar-classifiers=sources bloopInstall'
2020.05.29 08:20:38 INFO  [info] Loading settings for project play-samples-play-scala-hello-world-tutorial-build from metals.sbt,plugins.sbt,scaffold.sbt ...
2020.05.29 08:20:42 INFO  [info] Loading project definition from C:\work\play-samples-play-scala-hello-world-tutorial\play-samples-play-scala-hello-world-tutorial\project
2020.05.29 08:20:57 INFO  [warn] There may be incompatibilities among your library dependencies; run 'evicted' to see detailed eviction warnings.
2020.05.29 08:21:04 INFO  [info] Loading settings for project root from build.sbt ...
2020.05.29 08:21:04 INFO  [info] Set current project to play-scala-hello-world-tutorial (in build file:/C:/work/play-samples-play-scala-hello-world-tutorial/play-samples-play-scala-hello-world-tutorial/)
2020.05.29 08:21:31 INFO  [warn] There may be incompatibilities among your library dependencies; run 'evicted' to see detailed eviction warnings.
2020.05.29 08:21:33 INFO  [success] Generated .bloop\root.json
2020.05.29 08:21:33 INFO  [success] Generated .bloop\root-test.json
2020.05.29 08:21:33 INFO  [success] Total time: 27 s, completed 2020/05/29 8:21:33
2020.05.29 08:21:33 INFO  build tool exit: 0
2020.05.29 08:21:33 INFO  time: ran 'sbt bloopInstall' in 1m8s
Starting the bsp launcher for bloop...
Opening a bsp server connection with 'bsp --protocol tcp --port 14285'...
Waiting for the bsp connection to come up...
Waiting for the bsp connection to come up...
Waiting for the bsp connection to come up...
Waiting for the bsp connection to come up...
Waiting for the bsp connection to come up...
Waiting for the bsp connection to come up...
Waiting for the bsp connection to come up...
Waiting for the bsp connection to come up...
Waiting for the bsp connection to come up...
Waiting for the bsp connection to come up...
Waiting for the bsp connection to come up...
Waiting for the bsp connection to come up...
Waiting for the bsp connection to come up...
Waiting for the bsp connection to come up...
No server running at 127.0.0.1:8212, let's fire one...
Resolving ch.epfl.scala:bloop-frontend_2.12:1.4.0-RC1-229-b7c15aa9...
Starting bloop server at 127.0.0.1:8212...
Attempting a connection to the server...
[0m[32m[D][0m Loading 2 projects from 'c:\work\play-samples-play-scala-hello-world-tutorial\play-samples-play-scala-hello-world-tutorial\.bloop'...
[0m[32m[D][0m Loading project from 'c:\work\play-samples-play-scala-hello-world-tutorial\play-samples-play-scala-hello-world-tutorial\.bloop\root.json'
[0m[32m[D][0m Loading project from 'c:\work\play-samples-play-scala-hello-world-tutorial\play-samples-play-scala-hello-world-tutorial\.bloop\root-test.json'
[0m[32m[D][0m Cache miss for scala instance org.scala-lang:scala-compiler:2.13.1.
[0m[32m[D][0m   => C:\Users\morik\AppData\Local\Coursier\cache\v1\https\repo1.maven.org\maven2\jline\jline\2.14.6\jline-2.14.6.jar
[0m[32m[D][0m   => C:\Users\morik\AppData\Local\Coursier\cache\v1\https\repo1.maven.org\maven2\org\fusesource\jansi\jansi\1.12\jansi-1.12.jar
[0m[32m[D][0m   => C:\Users\morik\AppData\Local\Coursier\cache\v1\https\repo1.maven.org\maven2\org\scala-lang\scala-compiler\2.13.1\scala-compiler-2.13.1.jar
[0m[32m[D][0m   => C:\Users\morik\AppData\Local\Coursier\cache\v1\https\repo1.maven.org\maven2\org\scala-lang\scala-library\2.13.1\scala-library-2.13.1.jar
[0m[32m[D][0m   => C:\Users\morik\AppData\Local\Coursier\cache\v1\https\repo1.maven.org\maven2\org\scala-lang\scala-reflect\2.13.1\scala-reflect-2.13.1.jar
[0m[32m[D][0m Missing analysis file for project 'root'
[0m[32m[D][0m Missing analysis file for project 'root-test'
[0m[32m[D][0m Waiting for a connection at 127.0.0.1:14285...
The server is listening for incoming connections at tcp://127.0.0.1:14285...
Starting thread that pumps stdin and redirects it to the bsp server...
Starting thread that pumps server stdout and redirects it to the client stdout...
2020.05.29 08:21:57 INFO  tracing is disabled for protocol BSP, to enable tracing of incoming and outgoing JSON messages create an empty file at C:\Users\morik\AppData\Local\scalameta\metals\cache\bsp.trace.json
2020.05.29 08:22:02 ERROR Timeout waiting for 'build/initialize' response
2020.05.29 08:22:02 ERROR Failed to connect with build server, no functionality will work.
java.util.concurrent.TimeoutException
	at java.util.concurrent.CompletableFuture.timedGet(CompletableFuture.java:1886)
	at java.util.concurrent.CompletableFuture.get(CompletableFuture.java:2021)
	at scala.meta.internal.metals.BuildServerConnection$.initialize(BuildServerConnection.scala:304)
	at scala.meta.internal.metals.BuildServerConnection$.$anonfun$fromSockets$1(BuildServerConnection.scala:246)
	at scala.util.Success.$anonfun$map$1(Try.scala:255)
	at scala.util.Success.map(Try.scala:213)
	at scala.concurrent.Future.$anonfun$map$1(Future.scala:292)
	at scala.concurrent.impl.Promise.liftedTree1$1(Promise.scala:33)
	at scala.concurrent.impl.Promise.$anonfun$transform$1(Promise.scala:33)
	at scala.concurrent.impl.CallbackRunnable.run(Promise.scala:64)
	at java.util.concurrent.ThreadPoolExecutor.runWorker(ThreadPoolExecutor.java:1128)
	at java.util.concurrent.ThreadPoolExecutor$Worker.run(ThreadPoolExecutor.java:628)
	at java.lang.Thread.run(Thread.java:834)

